<?xml version="1.0" encoding="UTF-8"?>
<!-- Generated by org.testng.reporters.JUnitXMLReporter -->
<testsuite ignored="0" hostname="RajinikanthRakesh" failures="0" tests="3" name="Test" time="34.244" errors="0" timestamp="2021-09-27T01:27:07 IST">
  <testcase classname="Institute.E2EProject.ValidateTitle" name="validate" time="0.281"/>
  <testcase classname="Institute.E2EProject.HomePage" name="basePageNavigation" time="11.395"/>
  <testcase classname="Institute.E2EProject.HomePage" name="basePageNavigation" time="9.012"/>
</testsuite> <!-- Test -->
