<?xml version="1.0" encoding="UTF-8"?>
<!-- Generated by org.testng.reporters.JUnitXMLReporter -->
<testsuite ignored="0" hostname="RajinikanthRakesh" failures="0" tests="1" name="ValidateTitleTest" time="0.146" errors="0" timestamp="2021-10-01T00:41:40 IST">
  <testcase classname="Institute.E2EProject.ValidateTitle" name="@BeforeTest intialize" time="0.023">
    <failure type="java.lang.NullPointerException" message="Cannot invoke &amp;quot;String.equalsIgnoreCase(String)&amp;quot; because &amp;quot;browserName&amp;quot; is null">
      <![CDATA[java.lang.NullPointerException: Cannot invoke "String.equalsIgnoreCase(String)" because "browserName" is null
at resources.Base.initializeDriver(Base.java:29)
at Institute.E2EProject.ValidateTitle.intialize(ValidateTitle.java:25)
... Removed 24 stack frames]]>
    </failure>
  </testcase> <!-- @BeforeTest intialize -->
  <testcase classname="Institute.E2EProject.ValidateTitle" name="@AfterTest teardown" time="-1.633029100128E9">
    <skipped/>
  </testcase> <!-- @AfterTest teardown -->
  <testcase classname="Institute.E2EProject.ValidateTitle" name="validate" time="0.0">
    <skipped/>
  </testcase> <!-- validate -->
</testsuite> <!-- ValidateTitleTest -->
