<?xml version="1.0" encoding="UTF-8"?>
<!-- Generated by org.testng.reporters.JUnitXMLReporter -->
<testsuite hostname="RajinikanthRakesh" ignored="0" name="validating user login" tests="3" failures="0" timestamp="2021-10-16T21:41:19 IST" time="133.029" errors="0">
  <testcase name="runScenario" time="67.053" classname="io.cucumber.testng.AbstractTestNGCucumberTests"/>
  <testcase name="runScenario" time="32.075" classname="io.cucumber.testng.AbstractTestNGCucumberTests"/>
  <testcase name="runScenario" time="32.024" classname="io.cucumber.testng.AbstractTestNGCucumberTests"/>
</testsuite> <!-- validating user login -->
