<?xml version="1.0" encoding="UTF-8"?>
<!-- Generated by org.testng.reporters.JUnitXMLReporter -->
<testsuite hostname="RajinikanthRakesh" ignored="0" name="ValidateTitleTest" tests="2" failures="1" timestamp="2021-10-01T22:22:15 IST" time="34.085" errors="0">
  <testcase name="validate" time="1.087" classname="Institute.E2EProject.ValidateTitle">
    <failure type="java.lang.AssertionError" message="expected [FEATURED COURSES123] but found [FEATURED COURSES]">
      <![CDATA[java.lang.AssertionError: expected [FEATURED COURSES123] but found [FEATURED COURSES]
at Institute.E2EProject.ValidateTitle.validate(ValidateTitle.java:44)
at java.util.ArrayList.forEach(ArrayList.java:1259)
... Removed 37 stack frames]]>
    </failure>
  </testcase> <!-- validate -->
  <testcase name="validateHeader" time="0.086" classname="Institute.E2EProject.ValidateTitle"/>
</testsuite> <!-- ValidateTitleTest -->
