<?xml version="1.0" encoding="UTF-8"?>
<testsuite xmlns:xsi="http://www.w3.org/2001/XMLSchema-instance" xsi:noNamespaceSchemaLocation="https://maven.apache.org/surefire/maven-surefire-plugin/xsd/surefire-test-report-3.0.xsd" version="3.0" name="TestSuite" time="138.389" tests="3" errors="0" skipped="0" failures="0">
  <properties>
[...]
</properties>
  <testcase name="runScenario[&quot;Positive test validating login&quot;, &quot;Optional[Application Login]&quot;](1)" classname="cucumberOptions.TestRunner" time="67.358">
    <system-out><![CDATA[Invalid email or password.
]]></system-out>
    <system-err><![CDATA[Starting ChromeDriver 93.0.4577.63 (ff5c0da2ec0adeaed5550e6c7e98417dac77d98a-refs/branch-heads/4577@{#1135}) on port 36781
Only local connections are allowed.
Please see https://chromedriver.chromium.org/security-considerations for suggestions on keeping ChromeDriver safe.
ChromeDriver was started successfully.
[1634400570.480][WARNING]: This version of ChromeDriver has not been tested with Chrome version 94.
Oct 16, 2021 9:39:31 PM org.openqa.selenium.remote.ProtocolHandshake createSession
INFO: Detected dialect: W3C
]]></system-err>
  </testcase>
  <testcase name="runScenario[&quot;Positive test validating login&quot;, &quot;Optional[Application Login]&quot;](2)" classname="cucumberOptions.TestRunner" time="31.898">
    <system-out><![CDATA[Invalid email or password.
]]></system-out>
    <system-err><![CDATA[Starting ChromeDriver 93.0.4577.63 (ff5c0da2ec0adeaed5550e6c7e98417dac77d98a-refs/branch-heads/4577@{#1135}) on port 11692
Only local connections are allowed.
Please see https://chromedriver.chromium.org/security-considerations for suggestions on keeping ChromeDriver safe.
ChromeDriver was started successfully.
[1634400616.563][WARNING]: This version of ChromeDriver has not been tested with Chrome version 94.
Oct 16, 2021 9:40:16 PM org.openqa.selenium.remote.ProtocolHandshake createSession
INFO: Detected dialect: W3C
]]></system-err>
  </testcase>
  <testcase name="runScenario[&quot;Positive test validating login&quot;, &quot;Optional[Application Login]&quot;](3)" classname="cucumberOptions.TestRunner" time="32.032">
    <system-out><![CDATA[Invalid email or password.
]]></system-out>
    <system-err><![CDATA[Starting ChromeDriver 93.0.4577.63 (ff5c0da2ec0adeaed5550e6c7e98417dac77d98a-refs/branch-heads/4577@{#1135}) on port 24608
Only local connections are allowed.
Please see https://chromedriver.chromium.org/security-considerations for suggestions on keeping ChromeDriver safe.
ChromeDriver was started successfully.
[1634400648.766][WARNING]: This version of ChromeDriver has not been tested with Chrome version 94.
Oct 16, 2021 9:40:48 PM org.openqa.selenium.remote.ProtocolHandshake createSession
INFO: Detected dialect: W3C
]]></system-err>
  </testcase>
</testsuite>